0 info it worked if it ends with ok
1 verbose cli [ 'C:\\Program Files\\nodejs\\node.exe',
1 verbose cli   'C:\\Program Files\\nodejs\\node_modules\\npm\\bin\\npm-cli.js',
1 verbose cli   'install',
1 verbose cli   '@types/koa-convert',
1 verbose cli   '--save' ]
2 info using npm@4.1.2
3 info using node@v7.6.0
4 silly loadCurrentTree Starting
5 silly install loadCurrentTree
6 silly install readLocalPackageData
7 silly fetchPackageMetaData @types/koa-convert
8 silly fetchNamedPackageData @types/koa-convert
9 silly mapToRegistry name @types/koa-convert
10 silly mapToRegistry scope (from package name) @types
11 verbose mapToRegistry no registry URL found in name for scope @types
12 silly mapToRegistry using default registry
13 silly mapToRegistry registry https://registry.npmjs.org/
14 silly mapToRegistry data Result {
14 silly mapToRegistry   raw: '@types/koa-convert',
14 silly mapToRegistry   scope: '@types',
14 silly mapToRegistry   escapedName: '@types%2fkoa-convert',
14 silly mapToRegistry   name: '@types/koa-convert',
14 silly mapToRegistry   rawSpec: '',
14 silly mapToRegistry   spec: 'latest',
14 silly mapToRegistry   type: 'tag' }
15 silly mapToRegistry uri https://registry.npmjs.org/@types%2fkoa-convert
16 verbose request uri https://registry.npmjs.org/@types%2fkoa-convert
17 verbose request no auth needed
18 info attempt registry request try #1 at 11:09:29
19 verbose request using bearer token for auth
20 verbose request id 9f644c0ad9a66fe5
21 http request GET https://registry.npmjs.org/@types%2fkoa-convert
22 info retry will retry, error on last attempt: Error: connect ETIMEDOUT 151.101.72.162:443
23 info attempt registry request try #2 at 11:10:00
24 verbose request using bearer token for auth
25 http request GET https://registry.npmjs.org/@types%2fkoa-convert
26 http 404 https://registry.npmjs.org/@types%2fkoa-convert
27 verbose headers { 'content-type': 'application/json',
27 verbose headers   'cache-control': 'max-age=0',
27 verbose headers   'content-length': '2',
27 verbose headers   'accept-ranges': 'bytes',
27 verbose headers   date: 'Thu, 30 Mar 2017 03:09:59 GMT',
27 verbose headers   via: '1.1 varnish',
27 verbose headers   connection: 'keep-alive',
27 verbose headers   'x-served-by': 'cache-nrt6130-NRT',
27 verbose headers   'x-cache': 'MISS',
27 verbose headers   'x-cache-hits': '0',
27 verbose headers   'x-timer': 'S1490843399.527403,VS0,VE148',
27 verbose headers   vary: 'Accept-Encoding' }
28 silly get cb [ 404,
28 silly get   { 'content-type': 'application/json',
28 silly get     'cache-control': 'max-age=0',
28 silly get     'content-length': '2',
28 silly get     'accept-ranges': 'bytes',
28 silly get     date: 'Thu, 30 Mar 2017 03:09:59 GMT',
28 silly get     via: '1.1 varnish',
28 silly get     connection: 'keep-alive',
28 silly get     'x-served-by': 'cache-nrt6130-NRT',
28 silly get     'x-cache': 'MISS',
28 silly get     'x-cache-hits': '0',
28 silly get     'x-timer': 'S1490843399.527403,VS0,VE148',
28 silly get     vary: 'Accept-Encoding' } ]
29 silly fetchPackageMetaData Error: Registry returned 404 for GET on https://registry.npmjs.org/@types%2fkoa-convert
29 silly fetchPackageMetaData     at makeError (C:\Program Files\nodejs\node_modules\npm\node_modules\npm-registry-client\lib\request.js:304:12)
29 silly fetchPackageMetaData     at CachingRegistryClient.<anonymous> (C:\Program Files\nodejs\node_modules\npm\node_modules\npm-registry-client\lib\request.js:282:14)
29 silly fetchPackageMetaData     at Request._callback (C:\Program Files\nodejs\node_modules\npm\node_modules\npm-registry-client\lib\request.js:212:14)
29 silly fetchPackageMetaData     at Request.self.callback (C:\Program Files\nodejs\node_modules\npm\node_modules\request\request.js:186:22)
29 silly fetchPackageMetaData     at emitTwo (events.js:106:13)
29 silly fetchPackageMetaData     at Request.emit (events.js:192:7)
29 silly fetchPackageMetaData     at Request.<anonymous> (C:\Program Files\nodejs\node_modules\npm\node_modules\request\request.js:1081:10)
29 silly fetchPackageMetaData     at emitOne (events.js:96:13)
29 silly fetchPackageMetaData     at Request.emit (events.js:189:7)
29 silly fetchPackageMetaData     at IncomingMessage.<anonymous> (C:\Program Files\nodejs\node_modules\npm\node_modules\request\request.js:1001:12)
29 silly fetchPackageMetaData  error for @types/koa-convert { Error: Registry returned 404 for GET on https://registry.npmjs.org/@types%2fkoa-convert
29 silly fetchPackageMetaData     at makeError (C:\Program Files\nodejs\node_modules\npm\node_modules\npm-registry-client\lib\request.js:304:12)
29 silly fetchPackageMetaData     at CachingRegistryClient.<anonymous> (C:\Program Files\nodejs\node_modules\npm\node_modules\npm-registry-client\lib\request.js:282:14)
29 silly fetchPackageMetaData     at Request._callback (C:\Program Files\nodejs\node_modules\npm\node_modules\npm-registry-client\lib\request.js:212:14)
29 silly fetchPackageMetaData     at Request.self.callback (C:\Program Files\nodejs\node_modules\npm\node_modules\request\request.js:186:22)
29 silly fetchPackageMetaData     at emitTwo (events.js:106:13)
29 silly fetchPackageMetaData     at Request.emit (events.js:192:7)
29 silly fetchPackageMetaData     at Request.<anonymous> (C:\Program Files\nodejs\node_modules\npm\node_modules\request\request.js:1081:10)
29 silly fetchPackageMetaData     at emitOne (events.js:96:13)
29 silly fetchPackageMetaData     at Request.emit (events.js:189:7)
29 silly fetchPackageMetaData     at IncomingMessage.<anonymous> (C:\Program Files\nodejs\node_modules\npm\node_modules\request\request.js:1001:12) pkgid: '@types/koa-convert', statusCode: 404, code: 'E404' }
30 silly rollbackFailedOptional Starting
31 silly rollbackFailedOptional Finishing
32 silly runTopLevelLifecycles Finishing
33 silly install printInstalled
34 verbose stack Error: Registry returned 404 for GET on https://registry.npmjs.org/@types%2fkoa-convert
34 verbose stack     at makeError (C:\Program Files\nodejs\node_modules\npm\node_modules\npm-registry-client\lib\request.js:304:12)
34 verbose stack     at CachingRegistryClient.<anonymous> (C:\Program Files\nodejs\node_modules\npm\node_modules\npm-registry-client\lib\request.js:282:14)
34 verbose stack     at Request._callback (C:\Program Files\nodejs\node_modules\npm\node_modules\npm-registry-client\lib\request.js:212:14)
34 verbose stack     at Request.self.callback (C:\Program Files\nodejs\node_modules\npm\node_modules\request\request.js:186:22)
34 verbose stack     at emitTwo (events.js:106:13)
34 verbose stack     at Request.emit (events.js:192:7)
34 verbose stack     at Request.<anonymous> (C:\Program Files\nodejs\node_modules\npm\node_modules\request\request.js:1081:10)
34 verbose stack     at emitOne (events.js:96:13)
34 verbose stack     at Request.emit (events.js:189:7)
34 verbose stack     at IncomingMessage.<anonymous> (C:\Program Files\nodejs\node_modules\npm\node_modules\request\request.js:1001:12)
35 verbose statusCode 404
36 verbose pkgid @types/koa-convert
37 verbose cwd D:\workspace\source\type-mvc
38 error Windows_NT 10.0.14393
39 error argv "C:\\Program Files\\nodejs\\node.exe" "C:\\Program Files\\nodejs\\node_modules\\npm\\bin\\npm-cli.js" "install" "@types/koa-convert" "--save"
40 error node v7.6.0
41 error npm  v4.1.2
42 error code E404
43 error 404 Registry returned 404 for GET on https://registry.npmjs.org/@types%2fkoa-convert
44 error 404
45 error 404 '@types/koa-convert' is not in the npm registry.
46 error 404 You should bug the author to publish it (or use the name yourself!)
47 error 404 Note that you can also install from a
48 error 404 tarball, folder, http url, or git url.
49 verbose exit [ 1, true ]
